0 info it worked if it ends with ok
1 verbose cli [ '/usr/local/Cellar/node/0.8.20/bin/node',
1 verbose cli   '/usr/local/bin/npm',
1 verbose cli   'install' ]
2 info using npm@1.2.11
3 info using node@v0.8.20
4 verbose read json /Users/amankapur91/olinjs/mashup/package.json
5 verbose readDependencies using package.json deps
6 verbose install where, deps [ '/Users/amankapur91/olinjs/mashup',
6 verbose install   [ 'express',
6 verbose install     'jade',
6 verbose install     'fb',
6 verbose install     'mongoose',
6 verbose install     'request',
6 verbose install     'facebook-node-sdk',
6 verbose install     'youtube-feeds',
6 verbose install     'prettyprint' ] ]
7 verbose from cache /Users/amankapur91/olinjs/mashup/package.json
8 info preinstall mashup@0.0.1
9 verbose read json /Users/amankapur91/olinjs/mashup/node_modules/express/package.json
10 verbose read json /Users/amankapur91/olinjs/mashup/node_modules/facebook-node-sdk/package.json
11 verbose read json /Users/amankapur91/olinjs/mashup/node_modules/fb/package.json
12 verbose read json /Users/amankapur91/olinjs/mashup/node_modules/jade/package.json
13 verbose read json /Users/amankapur91/olinjs/mashup/node_modules/mongoose/package.json
14 verbose read json /Users/amankapur91/olinjs/mashup/node_modules/request/package.json
15 verbose read json /Users/amankapur91/olinjs/mashup/node_modules/youtube-feeds/package.json
16 verbose from cache /Users/amankapur91/olinjs/mashup/package.json
17 verbose readDependencies using package.json deps
18 verbose from cache /Users/amankapur91/olinjs/mashup/node_modules/express/package.json
19 verbose from cache /Users/amankapur91/olinjs/mashup/node_modules/facebook-node-sdk/package.json
20 verbose from cache /Users/amankapur91/olinjs/mashup/node_modules/fb/package.json
21 verbose from cache /Users/amankapur91/olinjs/mashup/node_modules/jade/package.json
22 verbose from cache /Users/amankapur91/olinjs/mashup/node_modules/mongoose/package.json
23 verbose from cache /Users/amankapur91/olinjs/mashup/node_modules/request/package.json
24 verbose from cache /Users/amankapur91/olinjs/mashup/node_modules/youtube-feeds/package.json
25 verbose already installed skipping express@3.0.6 /Users/amankapur91/olinjs/mashup
26 verbose already installed skipping jade@* /Users/amankapur91/olinjs/mashup
27 verbose already installed skipping fb@0.1.0 /Users/amankapur91/olinjs/mashup
28 verbose already installed skipping mongoose@3.x /Users/amankapur91/olinjs/mashup
29 verbose already installed skipping request@* /Users/amankapur91/olinjs/mashup
30 verbose already installed skipping facebook-node-sdk@* /Users/amankapur91/olinjs/mashup
31 verbose already installed skipping youtube-feeds@* /Users/amankapur91/olinjs/mashup
32 verbose cache add [ 'prettyprint@*', null ]
33 verbose cache add name=undefined spec="prettyprint@*" args=["prettyprint@*",null]
34 verbose parsed url { pathname: 'prettyprint@*',
34 verbose parsed url   path: 'prettyprint@*',
34 verbose parsed url   href: 'prettyprint@*' }
35 verbose cache add name="prettyprint" spec="*" args=["prettyprint","*"]
36 verbose parsed url { pathname: '*', path: '*', href: '*' }
37 verbose addNamed [ 'prettyprint', '*' ]
38 verbose addNamed [ null, '' ]
39 silly lockFile df297336-prettyprint prettyprint@*
40 verbose lock prettyprint@* /Users/amankapur91/.npm/df297336-prettyprint.lock
41 silly addNameRange { name: 'prettyprint', range: '', hasData: false }
42 verbose url raw prettyprint
43 verbose url resolving [ 'https://registry.npmjs.org/', './prettyprint' ]
44 verbose url resolved https://registry.npmjs.org/prettyprint
45 info trying registry request attempt 1 at 15:52:20
46 http GET https://registry.npmjs.org/prettyprint
47 http 404 https://registry.npmjs.org/prettyprint
48 silly registry.get cb [ 404,
48 silly registry.get   { server: 'CouchDB/1.3.0 (Erlang OTP/R15B03)',
48 silly registry.get     date: 'Fri, 26 Apr 2013 19:52:21 GMT',
48 silly registry.get     'content-type': 'application/json',
48 silly registry.get     'content-length': '52',
48 silly registry.get     'cache-control': 'must-revalidate' } ]
49 silly lockFile df297336-prettyprint prettyprint@*
50 silly lockFile df297336-prettyprint prettyprint@*
51 error 404 'prettyprint' is not in the npm registry.
51 error 404 You should bug the author to publish it
51 error 404
51 error 404 Note that you can also install from a
51 error 404 tarball, folder, or http url, or git url.
52 error System Darwin 12.3.0
53 error command "/usr/local/Cellar/node/0.8.20/bin/node" "/usr/local/bin/npm" "install"
54 error cwd /Users/amankapur91/olinjs/mashup
55 error node -v v0.8.20
56 error npm -v 1.2.11
57 error code E404
58 verbose exit [ 1, true ]
